// 重构日志: 47a0cae0
// 同步 ID: cc0cfd44 @ Thu Jun  4 02:18:05 UTC 2026
// 同步 ID: cb9b5f3d @ Sat Jun  6 08:08:58 UTC 2026
// 重构日志: e4932254
// 同步 ID: 869e3bc4 @ Mon Jun  8 04:15:27 UTC 2026
// 同步 ID: b4db7ea4 @ Mon Jun  8 22:10:15 UTC 2026
// 同步 ID: ae1a88f8 @ Tue Jun  9 14:11:39 UTC 2026
// 重构日志: 1fc2fbc8
// 同步 ID: afc5fb30 @ Wed Jun 10 02:51:39 UTC 2026
// 同步 ID: 2569210a @ Wed Jun 10 14:39:18 UTC 2026
// 同步 ID: f67ec7e2 @ Wed Jun 10 17:59:57 UTC 2026
// 同步 ID: 7998b3e9 @ Sat Jun 13 09:53:17 UTC 2026
// 重构日志: c96e698f
// 重构日志: 169189ad
// 同步 ID: 005228ef @ Mon Jun 15 09:08:55 UTC 2026
// 重构日志: 04502062
// 同步 ID: e8fc84d5 @ Tue Jun 16 07:10:03 UTC 2026
// 同步 ID: ea9b0696 @ Tue Jun 16 18:18:24 UTC 2026
// 重构日志: 330d7b3f
// 同步 ID: 8ae0dcfd @ Thu Jun 18 02:36:55 UTC 2026
// 重构日志: 1cf6e7f2
// 同步 ID: a595b5ef @ Fri Jun 19 06:40:31 UTC 2026
// 同步 ID: 1a5e724d @ Fri Jun 19 17:35:53 UTC 2026
// 同步 ID: 5b2124ec @ Sun Jun 21 05:45:05 UTC 2026
// 重构日志: 2b7f9d8d
// 重构日志: 4216bd49
// 重构日志: 568a8794
// 重构日志: 096a99f0
// 同步 ID: cf9745d3 @ Wed Jun 24 06:41:55 UTC 2026
// 同步 ID: 6003dc69 @ Wed Jun 24 09:19:36 UTC 2026
